This file contains any messages produced by compilers while
running configure, to aid debugging if configure makes a mistake.

It was created by HTSlib configure 1.18, which was
generated by GNU Autoconf 2.69.  Invocation command line was

  $ ./configure --prefix=/clusterfs/nilah/oberon/htslib

## --------- ##
## Platform. ##
## --------- ##

hostname = ln002.brc
uname -m = x86_64
uname -r = 3.10.0-1160.31.1.el7.x86_64
uname -s = Linux
uname -v = #1 SMP Tue Jun 15 10:20:52 CDT 2021

/usr/bin/uname -p = x86_64
/bin/uname -X     = unknown

/bin/arch              = x86_64
/usr/bin/arch -k       = unknown
/usr/convex/getsysinfo = unknown
/usr/bin/hostinfo      = unknown
/bin/machine           = unknown
/usr/bin/oslevel       = unknown
/bin/universe          = unknown

PATH: /global/software/sl-7.x86_64/modules/tools/nano/2.7.4/bin
PATH: /global/home/groups/consultsw/sl-7.x86_64/modules/samtools/1.8//bin
PATH: /global/software/sl-7.x86_64/modules/tools/sq/0.1.0/bin
PATH: /global/software/sl-7.x86_64/modules/tools/emacs/25.1/bin
PATH: /global/software/sl-7.x86_64/modules/tools/vim/7.4/bin
PATH: /usr/local/bin
PATH: /usr/bin
PATH: /usr/local/sbin
PATH: /usr/sbin
PATH: /global/home/groups/allhands/bin
PATH: /global/home/users/dixonluinenburg/bin


## ----------- ##
## Core tests. ##
## ----------- ##

configure:2283: checking for gcc
configure:2299: found /usr/bin/gcc
configure:2310: result: gcc
configure:2539: checking for C compiler version
configure:2548: gcc --version >&5
gcc (GCC) 4.8.5 20150623 (Red Hat 4.8.5-44)
Copyright (C) 2015 Free Software Foundation, Inc.
This is free software; see the source for copying conditions.  There is NO
warranty; not even for MERCHANTABILITY or FITNESS FOR A PARTICULAR PURPOSE.

configure:2559: $? = 0
configure:2548: gcc -v >&5
Using built-in specs.
COLLECT_GCC=gcc
COLLECT_LTO_WRAPPER=/usr/libexec/gcc/x86_64-redhat-linux/4.8.5/lto-wrapper
Target: x86_64-redhat-linux
Configured with: ../configure --prefix=/usr --mandir=/usr/share/man --infodir=/usr/share/info --with-bugurl=http://bugzilla.redhat.com/bugzilla --enable-bootstrap --enable-shared --enable-threads=posix --enable-checking=release --with-system-zlib --enable-__cxa_atexit --disable-libunwind-exceptions --enable-gnu-unique-object --enable-linker-build-id --with-linker-hash-style=gnu --enable-languages=c,c++,objc,obj-c++,java,fortran,ada,go,lto --enable-plugin --enable-initfini-array --disable-libgcj --with-isl=/builddir/build/BUILD/gcc-4.8.5-20150702/obj-x86_64-redhat-linux/isl-install --with-cloog=/builddir/build/BUILD/gcc-4.8.5-20150702/obj-x86_64-redhat-linux/cloog-install --enable-gnu-indirect-function --with-tune=generic --with-arch_32=x86-64 --build=x86_64-redhat-linux
Thread model: posix
gcc version 4.8.5 20150623 (Red Hat 4.8.5-44) (GCC) 
configure:2559: $? = 0
configure:2548: gcc -V >&5
gcc: error: unrecognized command line option '-V'
gcc: fatal error: no input files
compilation terminated.
configure:2559: $? = 4
configure:2548: gcc -qversion >&5
gcc: error: unrecognized command line option '-qversion'
gcc: fatal error: no input files
compilation terminated.
configure:2559: $? = 4
configure:2579: checking whether the C compiler works
configure:2601: gcc    conftest.c  >&5
configure:2605: $? = 0
configure:2653: result: yes
configure:2656: checking for C compiler default output file name
configure:2658: result: a.out
configure:2664: checking for suffix of executables
configure:2671: gcc -o conftest    conftest.c  >&5
configure:2675: $? = 0
configure:2697: result: 
configure:2719: checking whether we are cross compiling
configure:2727: gcc -o conftest    conftest.c  >&5
configure:2731: $? = 0
configure:2738: ./conftest
configure:2742: $? = 0
configure:2757: result: no
configure:2762: checking for suffix of object files
configure:2784: gcc -c   conftest.c >&5
configure:2788: $? = 0
configure:2809: result: o
configure:2813: checking whether we are using the GNU C compiler
configure:2832: gcc -c   conftest.c >&5
configure:2832: $? = 0
configure:2841: result: yes
configure:2850: checking whether gcc accepts -g
configure:2870: gcc -c -g  conftest.c >&5
configure:2870: $? = 0
configure:2911: result: yes
configure:2928: checking for gcc option to accept ISO C89
configure:2991: gcc  -c -g -O2  conftest.c >&5
configure:2991: $? = 0
configure:3004: result: none needed
configure:3067: checking for ranlib
configure:3083: found /usr/bin/ranlib
configure:3094: result: ranlib
configure:3117: checking for grep that handles long lines and -e
configure:3175: result: /usr/bin/grep
configure:3200: checking for C compiler warning flags
configure:3313: result: -Wall
configure:3414: checking how to run the C preprocessor
configure:3445: gcc -E  conftest.c
configure:3445: $? = 0
configure:3459: gcc -E  conftest.c
conftest.c:9:28: fatal error: ac_nonexistent.h: No such file or directory
 #include <ac_nonexistent.h>
                            ^
compilation terminated.
configure:3459: $? = 1
configure: failed program was:
| /* confdefs.h */
| #define PACKAGE_NAME "HTSlib"
| #define PACKAGE_TARNAME "htslib"
| #define PACKAGE_VERSION "1.18"
| #define PACKAGE_STRING "HTSlib 1.18"
| #define PACKAGE_BUGREPORT "samtools-help@lists.sourceforge.net"
| #define PACKAGE_URL "http://www.htslib.org/"
| /* end confdefs.h.  */
| #include <ac_nonexistent.h>
configure:3484: result: gcc -E
configure:3504: gcc -E  conftest.c
configure:3504: $? = 0
configure:3518: gcc -E  conftest.c
conftest.c:9:28: fatal error: ac_nonexistent.h: No such file or directory
 #include <ac_nonexistent.h>
                            ^
compilation terminated.
configure:3518: $? = 1
configure: failed program was:
| /* confdefs.h */
| #define PACKAGE_NAME "HTSlib"
| #define PACKAGE_TARNAME "htslib"
| #define PACKAGE_VERSION "1.18"
| #define PACKAGE_STRING "HTSlib 1.18"
| #define PACKAGE_BUGREPORT "samtools-help@lists.sourceforge.net"
| #define PACKAGE_URL "http://www.htslib.org/"
| /* end confdefs.h.  */
| #include <ac_nonexistent.h>
configure:3547: checking for egrep
configure:3609: result: /usr/bin/grep -E
configure:3614: checking for ANSI C header files
configure:3634: gcc -c  -Wall -g -O2  conftest.c >&5
configure:3634: $? = 0
configure:3707: gcc -o conftest  -Wall -g -O2   conftest.c  >&5
configure:3707: $? = 0
configure:3707: ./conftest
configure:3707: $? = 0
configure:3718: result: yes
configure:3731: checking for sys/types.h
configure:3731: gcc -c  -Wall -g -O2  conftest.c >&5
configure:3731: $? = 0
configure:3731: result: yes
configure:3731: checking for sys/stat.h
configure:3731: gcc -c  -Wall -g -O2  conftest.c >&5
configure:3731: $? = 0
configure:3731: result: yes
configure:3731: checking for stdlib.h
configure:3731: gcc -c  -Wall -g -O2  conftest.c >&5
configure:3731: $? = 0
configure:3731: result: yes
configure:3731: checking for string.h
configure:3731: gcc -c  -Wall -g -O2  conftest.c >&5
configure:3731: $? = 0
configure:3731: result: yes
configure:3731: checking for memory.h
configure:3731: gcc -c  -Wall -g -O2  conftest.c >&5
configure:3731: $? = 0
configure:3731: result: yes
configure:3731: checking for strings.h
configure:3731: gcc -c  -Wall -g -O2  conftest.c >&5
configure:3731: $? = 0
configure:3731: result: yes
configure:3731: checking for inttypes.h
configure:3731: gcc -c  -Wall -g -O2  conftest.c >&5
configure:3731: $? = 0
configure:3731: result: yes
configure:3731: checking for stdint.h
configure:3731: gcc -c  -Wall -g -O2  conftest.c >&5
configure:3731: $? = 0
configure:3731: result: yes
configure:3731: checking for unistd.h
configure:3731: gcc -c  -Wall -g -O2  conftest.c >&5
configure:3731: $? = 0
configure:3731: result: yes
configure:3743: checking whether _XOPEN_SOURCE is declared
configure:3743: gcc -c  -Wall -g -O2  conftest.c >&5
conftest.c: In function 'main':
conftest.c:59:10: error: '_XOPEN_SOURCE' undeclared (first use in this function)
   (void) _XOPEN_SOURCE;
          ^
conftest.c:59:10: note: each undeclared identifier is reported only once for each function it appears in
configure:3743: $? = 1
configure: failed program was:
| /* confdefs.h */
| #define PACKAGE_NAME "HTSlib"
| #define PACKAGE_TARNAME "htslib"
| #define PACKAGE_VERSION "1.18"
| #define PACKAGE_STRING "HTSlib 1.18"
| #define PACKAGE_BUGREPORT "samtools-help@lists.sourceforge.net"
| #define PACKAGE_URL "http://www.htslib.org/"
| #define STDC_HEADERS 1
| #define HAVE_SYS_TYPES_H 1
| #define HAVE_SYS_STAT_H 1
| #define HAVE_STDLIB_H 1
| #define HAVE_STRING_H 1
| #define HAVE_MEMORY_H 1
| #define HAVE_STRINGS_H 1
| #define HAVE_INTTYPES_H 1
| #define HAVE_STDINT_H 1
| #define HAVE_UNISTD_H 1
| /* end confdefs.h.  */
| #include <stdio.h>
| #ifdef HAVE_SYS_TYPES_H
| # include <sys/types.h>
| #endif
| #ifdef HAVE_SYS_STAT_H
| # include <sys/stat.h>
| #endif
| #ifdef STDC_HEADERS
| # include <stdlib.h>
| # include <stddef.h>
| #else
| # ifdef HAVE_STDLIB_H
| #  include <stdlib.h>
| # endif
| #endif
| #ifdef HAVE_STRING_H
| # if !defined STDC_HEADERS && defined HAVE_MEMORY_H
| #  include <memory.h>
| # endif
| # include <string.h>
| #endif
| #ifdef HAVE_STRINGS_H
| # include <strings.h>
| #endif
| #ifdef HAVE_INTTYPES_H
| # include <inttypes.h>
| #endif
| #ifdef HAVE_STDINT_H
| # include <stdint.h>
| #endif
| #ifdef HAVE_UNISTD_H
| # include <unistd.h>
| #endif
| int
| main ()
| {
| #ifndef _XOPEN_SOURCE
| #ifdef __cplusplus
|   (void) _XOPEN_SOURCE;
| #else
|   (void) _XOPEN_SOURCE;
| #endif
| #endif
| 
|   ;
|   return 0;
| }
configure:3743: result: no
configure:3755: checking C compiler flags needed for ssse3
configure:3782: gcc -o conftest  -Wall -g -O2   conftest.c  >&5
conftest.c: In function 'main':
conftest.c:31:5: warning: implicit declaration of function '_mm_shuffle_epi8' [-Wimplicit-function-declaration]
     __m128i c = _mm_shuffle_epi8(a, b);
     ^
conftest.c:31:17: error: incompatible types when initializing type '__m128i' using type 'int'
     __m128i c = _mm_shuffle_epi8(a, b);
                 ^
configure:3782: $? = 1
configure: failed program was:
| /* confdefs.h */
| #define PACKAGE_NAME "HTSlib"
| #define PACKAGE_TARNAME "htslib"
| #define PACKAGE_VERSION "1.18"
| #define PACKAGE_STRING "HTSlib 1.18"
| #define PACKAGE_BUGREPORT "samtools-help@lists.sourceforge.net"
| #define PACKAGE_URL "http://www.htslib.org/"
| #define STDC_HEADERS 1
| #define HAVE_SYS_TYPES_H 1
| #define HAVE_SYS_STAT_H 1
| #define HAVE_STDLIB_H 1
| #define HAVE_STRING_H 1
| #define HAVE_MEMORY_H 1
| #define HAVE_STRINGS_H 1
| #define HAVE_INTTYPES_H 1
| #define HAVE_STDINT_H 1
| #define HAVE_UNISTD_H 1
| #define _XOPEN_SOURCE 600
| /* end confdefs.h.  */
| 
|     #ifdef __x86_64__
|     #include "x86intrin.h"
|     #endif
| 
| int
| main ()
| {
| 
|     #ifdef __x86_64__
|     __m128i a = _mm_set_epi32(1, 2, 3, 4), b = _mm_set_epi32(4, 3, 2, 1);
|     __m128i c = _mm_shuffle_epi8(a, b);
|     return *((char *) &c);
|     #endif
| 
|   ;
|   return 0;
| }
configure:3808: gcc -o conftest  -Wall -g -O2  -mssse3   conftest.c  >&5
configure:3808: $? = 0
configure:3820: result: -mssse3
configure:3843: checking C compiler flags needed for popcnt
configure:3869: gcc -o conftest  -Wall -g -O2   conftest.c  >&5
conftest.c: In function 'main':
conftest.c:31:5: warning: implicit declaration of function '_mm_popcnt_u32' [-Wimplicit-function-declaration]
     unsigned int i = _mm_popcnt_u32(1);
     ^
/tmp/ccOzQcNI.o: In function `main':
/clusterfs/nilah/oberon/htslib/htslib-1.18/conftest.c:31: undefined reference to `_mm_popcnt_u32'
collect2: error: ld returned 1 exit status
configure:3869: $? = 1
configure: failed program was:
| /* confdefs.h */
| #define PACKAGE_NAME "HTSlib"
| #define PACKAGE_TARNAME "htslib"
| #define PACKAGE_VERSION "1.18"
| #define PACKAGE_STRING "HTSlib 1.18"
| #define PACKAGE_BUGREPORT "samtools-help@lists.sourceforge.net"
| #define PACKAGE_URL "http://www.htslib.org/"
| #define STDC_HEADERS 1
| #define HAVE_SYS_TYPES_H 1
| #define HAVE_SYS_STAT_H 1
| #define HAVE_STDLIB_H 1
| #define HAVE_STRING_H 1
| #define HAVE_MEMORY_H 1
| #define HAVE_STRINGS_H 1
| #define HAVE_INTTYPES_H 1
| #define HAVE_STDINT_H 1
| #define HAVE_UNISTD_H 1
| #define _XOPEN_SOURCE 600
| #define HAVE_SSSE3 1
| /* end confdefs.h.  */
| 
|     #ifdef __x86_64__
|     #include "x86intrin.h"
|     #endif
| 
| int
| main ()
| {
| 
|     #ifdef __x86_64__
|     unsigned int i = _mm_popcnt_u32(1);
|     return i != 1;
|     #endif
| 
|   ;
|   return 0;
| }
configure:3894: gcc -o conftest  -Wall -g -O2  -mpopcnt   conftest.c  >&5
configure:3894: $? = 0
configure:3906: result: -mpopcnt
configure:3929: checking C compiler flags needed for sse4.1
configure:3956: gcc -o conftest  -Wall -g -O2   conftest.c  >&5
conftest.c: In function 'main':
conftest.c:33:5: warning: implicit declaration of function '_mm_max_epu32' [-Wimplicit-function-declaration]
     __m128i c = _mm_max_epu32(a, b);
     ^
conftest.c:33:17: error: incompatible types when initializing type '__m128i' using type 'int'
     __m128i c = _mm_max_epu32(a, b);
                 ^
configure:3956: $? = 1
configure: failed program was:
| /* confdefs.h */
| #define PACKAGE_NAME "HTSlib"
| #define PACKAGE_TARNAME "htslib"
| #define PACKAGE_VERSION "1.18"
| #define PACKAGE_STRING "HTSlib 1.18"
| #define PACKAGE_BUGREPORT "samtools-help@lists.sourceforge.net"
| #define PACKAGE_URL "http://www.htslib.org/"
| #define STDC_HEADERS 1
| #define HAVE_SYS_TYPES_H 1
| #define HAVE_SYS_STAT_H 1
| #define HAVE_STDLIB_H 1
| #define HAVE_STRING_H 1
| #define HAVE_MEMORY_H 1
| #define HAVE_STRINGS_H 1
| #define HAVE_INTTYPES_H 1
| #define HAVE_STDINT_H 1
| #define HAVE_UNISTD_H 1
| #define _XOPEN_SOURCE 600
| #define HAVE_SSSE3 1
| #define HAVE_POPCNT 1
| /* end confdefs.h.  */
| 
|     #ifdef __x86_64__
|     #include "x86intrin.h"
|     #endif
| 
| int
| main ()
| {
| 
|     #ifdef __x86_64__
|     __m128i a = _mm_set_epi32(1, 2, 3, 4), b = _mm_set_epi32(4, 3, 2, 1);
|     __m128i c = _mm_max_epu32(a, b);
|     return *((char *) &c);
|     #endif
| 
|   ;
|   return 0;
| }
configure:3982: gcc -o conftest  -Wall -g -O2  -msse4.1   conftest.c  >&5
configure:3982: $? = 0
configure:3994: result: -msse4.1
configure:4021: checking C compiler flags needed for avx2
configure:4049: gcc -o conftest  -Wall -g -O2   conftest.c  >&5
conftest.c: In function 'main':
conftest.c:34:5: error: unknown type name '__m256i'
     __m256i a = _mm256_set_epi32(1, 2, 3, 4, 5, 6, 7, 8);
     ^
conftest.c:34:5: warning: implicit declaration of function '_mm256_set_epi32' [-Wimplicit-function-declaration]
conftest.c:35:5: error: unknown type name '__m256i'
     __m256i b = _mm256_add_epi32(a, a);
     ^
conftest.c:35:5: warning: implicit declaration of function '_mm256_add_epi32' [-Wimplicit-function-declaration]
conftest.c:36:5: warning: implicit declaration of function '_mm256_extract_epi64' [-Wimplicit-function-declaration]
     long long c = _mm256_extract_epi64(b, 0);
     ^
configure:4049: $? = 1
configure: failed program was:
| /* confdefs.h */
| #define PACKAGE_NAME "HTSlib"
| #define PACKAGE_TARNAME "htslib"
| #define PACKAGE_VERSION "1.18"
| #define PACKAGE_STRING "HTSlib 1.18"
| #define PACKAGE_BUGREPORT "samtools-help@lists.sourceforge.net"
| #define PACKAGE_URL "http://www.htslib.org/"
| #define STDC_HEADERS 1
| #define HAVE_SYS_TYPES_H 1
| #define HAVE_SYS_STAT_H 1
| #define HAVE_STDLIB_H 1
| #define HAVE_STRING_H 1
| #define HAVE_MEMORY_H 1
| #define HAVE_STRINGS_H 1
| #define HAVE_INTTYPES_H 1
| #define HAVE_STDINT_H 1
| #define HAVE_UNISTD_H 1
| #define _XOPEN_SOURCE 600
| #define HAVE_SSSE3 1
| #define HAVE_POPCNT 1
| #define HAVE_SSE4_1 1
| #define UBSAN 1
| /* end confdefs.h.  */
| 
|     #ifdef __x86_64__
|     #include "x86intrin.h"
|     #endif
| 
| int
| main ()
| {
| 
|     #ifdef __x86_64__
|     __m256i a = _mm256_set_epi32(1, 2, 3, 4, 5, 6, 7, 8);
|     __m256i b = _mm256_add_epi32(a, a);
|     long long c = _mm256_extract_epi64(b, 0);
|     return (int) c;
|     #endif
| 
|   ;
|   return 0;
| }
configure:4076: gcc -o conftest  -Wall -g -O2  -mavx2   conftest.c  >&5
configure:4076: $? = 0
configure:4088: result: -mavx2
configure:4112: checking C compiler flags needed for avx512f
configure:4139: gcc -o conftest  -Wall -g -O2   conftest.c  >&5
conftest.c: In function 'main':
conftest.c:35:5: error: unknown type name '__m512i'
     __m512i a = _mm512_set1_epi32(1);
     ^
conftest.c:35:5: warning: implicit declaration of function '_mm512_set1_epi32' [-Wimplicit-function-declaration]
conftest.c:36:5: error: unknown type name '__m512i'
     __m512i b = _mm512_add_epi32(a, a);
     ^
conftest.c:36:5: warning: implicit declaration of function '_mm512_add_epi32' [-Wimplicit-function-declaration]
configure:4139: $? = 1
configure: failed program was:
| /* confdefs.h */
| #define PACKAGE_NAME "HTSlib"
| #define PACKAGE_TARNAME "htslib"
| #define PACKAGE_VERSION "1.18"
| #define PACKAGE_STRING "HTSlib 1.18"
| #define PACKAGE_BUGREPORT "samtools-help@lists.sourceforge.net"
| #define PACKAGE_URL "http://www.htslib.org/"
| #define STDC_HEADERS 1
| #define HAVE_SYS_TYPES_H 1
| #define HAVE_SYS_STAT_H 1
| #define HAVE_STDLIB_H 1
| #define HAVE_STRING_H 1
| #define HAVE_MEMORY_H 1
| #define HAVE_STRINGS_H 1
| #define HAVE_INTTYPES_H 1
| #define HAVE_STDINT_H 1
| #define HAVE_UNISTD_H 1
| #define _XOPEN_SOURCE 600
| #define HAVE_SSSE3 1
| #define HAVE_POPCNT 1
| #define HAVE_SSE4_1 1
| #define UBSAN 1
| #define HAVE_AVX2 1
| /* end confdefs.h.  */
| 
|     #ifdef __x86_64__
|     #include "x86intrin.h"
|     #endif
| 
| int
| main ()
| {
| 
|     #ifdef __x86_64__
|     __m512i a = _mm512_set1_epi32(1);
|     __m512i b = _mm512_add_epi32(a, a);
|     return *((char *) &b);
|     #endif
| 
|   ;
|   return 0;
| }
configure:4165: gcc -o conftest  -Wall -g -O2  -mavx512f   conftest.c  >&5
gcc: error: unrecognized command line option '-mavx512f'
configure:4165: $? = 1
configure: failed program was:
| /* confdefs.h */
| #define PACKAGE_NAME "HTSlib"
| #define PACKAGE_TARNAME "htslib"
| #define PACKAGE_VERSION "1.18"
| #define PACKAGE_STRING "HTSlib 1.18"
| #define PACKAGE_BUGREPORT "samtools-help@lists.sourceforge.net"
| #define PACKAGE_URL "http://www.htslib.org/"
| #define STDC_HEADERS 1
| #define HAVE_SYS_TYPES_H 1
| #define HAVE_SYS_STAT_H 1
| #define HAVE_STDLIB_H 1
| #define HAVE_STRING_H 1
| #define HAVE_MEMORY_H 1
| #define HAVE_STRINGS_H 1
| #define HAVE_INTTYPES_H 1
| #define HAVE_STDINT_H 1
| #define HAVE_UNISTD_H 1
| #define _XOPEN_SOURCE 600
| #define HAVE_SSSE3 1
| #define HAVE_POPCNT 1
| #define HAVE_SSE4_1 1
| #define UBSAN 1
| #define HAVE_AVX2 1
| /* end confdefs.h.  */
| 
|     #ifdef __x86_64__
|     #include "x86intrin.h"
|     #endif
| 
| int
| main ()
| {
| 
|     #ifdef __x86_64__
|     __m512i a = _mm512_set1_epi32(1);
|     __m512i b = _mm512_add_epi32(a, a);
|     return *((char *) &b);
|     #endif
| 
|   ;
|   return 0;
| }
configure:4177: result: unsupported
configure:4255: checking for pkg-config
configure:4273: found /usr/bin/pkg-config
configure:4285: result: /usr/bin/pkg-config
configure:4310: checking pkg-config is at least version 0.9.0
configure:4313: result: yes
configure:4359: checking for special C compiler options needed for large files
configure:4404: result: no
configure:4410: checking for _FILE_OFFSET_BITS value needed for large files
configure:4435: gcc -c  -Wall -g -O2  conftest.c >&5
configure:4435: $? = 0
configure:4467: result: no
configure:4643: checking shared library type for unknown-Linux
configure:4673: result: plain .so
configure:4678: checking whether the linker supports versioned symbols
configure:4697: gcc -o conftest  -Wall -g -O2  -Wl,-version-script,./htslib.map  conftest.c  >&5
configure:4697: $? = 0
configure:4707: result: yes
configure:4724: checking whether the compiler accepts -fvisibility=hidden
configure:4744: gcc -o conftest  -Wall -g -O2 -fvisibility=hidden   -fvisibility=hidden conftest.c  >&5
configure:4744: $? = 0
configure:4757: result: yes
configure:4812: checking for stdlib.h
configure:4812: result: yes
configure:4812: checking for unistd.h
configure:4812: result: yes
configure:4812: checking for sys/param.h
configure:4812: gcc -c  -Wall -g -O2 -fvisibility=hidden  conftest.c >&5
configure:4812: $? = 0
configure:4812: result: yes
configure:4832: checking for getpagesize
configure:4832: gcc -o conftest  -Wall -g -O2 -fvisibility=hidden   -fvisibility=hidden conftest.c  >&5
configure:4832: $? = 0
configure:4832: result: yes
configure:4841: checking for working mmap
configure:4990: gcc -o conftest  -Wall -g -O2 -fvisibility=hidden   -fvisibility=hidden conftest.c  >&5
conftest.c: In function 'main':
conftest.c:134:3: warning: implicit declaration of function 'getpagesize' [-Wimplicit-function-declaration]
   pagesize = getpagesize ();
   ^
configure:4990: $? = 0
configure:4990: ./conftest
configure:4990: $? = 0
configure:5000: result: yes
configure:5012: checking for gmtime_r
configure:5012: gcc -o conftest  -Wall -g -O2 -fvisibility=hidden   -fvisibility=hidden conftest.c  >&5
configure:5012: $? = 0
configure:5012: result: yes
configure:5012: checking for fsync
configure:5012: gcc -o conftest  -Wall -g -O2 -fvisibility=hidden   -fvisibility=hidden conftest.c  >&5
configure:5012: $? = 0
configure:5012: result: yes
configure:5012: checking for drand48
configure:5012: gcc -o conftest  -Wall -g -O2 -fvisibility=hidden   -fvisibility=hidden conftest.c  >&5
configure:5012: $? = 0
configure:5012: result: yes
configure:5012: checking for srand48_deterministic
configure:5012: gcc -o conftest  -Wall -g -O2 -fvisibility=hidden   -fvisibility=hidden conftest.c  >&5
/tmp/cczZMqtu.o: In function `main':
/clusterfs/nilah/oberon/htslib/htslib-1.18/conftest.c:67: undefined reference to `srand48_deterministic'
collect2: error: ld returned 1 exit status
configure:5012: $? = 1
configure: failed program was:
| /* confdefs.h */
| #define PACKAGE_NAME "HTSlib"
| #define PACKAGE_TARNAME "htslib"
| #define PACKAGE_VERSION "1.18"
| #define PACKAGE_STRING "HTSlib 1.18"
| #define PACKAGE_BUGREPORT "samtools-help@lists.sourceforge.net"
| #define PACKAGE_URL "http://www.htslib.org/"
| #define STDC_HEADERS 1
| #define HAVE_SYS_TYPES_H 1
| #define HAVE_SYS_STAT_H 1
| #define HAVE_STDLIB_H 1
| #define HAVE_STRING_H 1
| #define HAVE_MEMORY_H 1
| #define HAVE_STRINGS_H 1
| #define HAVE_INTTYPES_H 1
| #define HAVE_STDINT_H 1
| #define HAVE_UNISTD_H 1
| #define _XOPEN_SOURCE 600
| #define HAVE_SSSE3 1
| #define HAVE_POPCNT 1
| #define HAVE_SSE4_1 1
| #define UBSAN 1
| #define HAVE_AVX2 1
| #define HAVE_STDLIB_H 1
| #define HAVE_UNISTD_H 1
| #define HAVE_SYS_PARAM_H 1
| #define HAVE_GETPAGESIZE 1
| #define HAVE_MMAP 1
| #define HAVE_GMTIME_R 1
| #define HAVE_FSYNC 1
| #define HAVE_DRAND48 1
| /* end confdefs.h.  */
| /* Define srand48_deterministic to an innocuous variant, in case <limits.h> declares srand48_deterministic.
|    For example, HP-UX 11i <limits.h> declares gettimeofday.  */
| #define srand48_deterministic innocuous_srand48_deterministic
| 
| /* System header to define __stub macros and hopefully few prototypes,
|     which can conflict with char srand48_deterministic (); below.
|     Prefer <limits.h> to <assert.h> if __STDC__ is defined, since
|     <limits.h> exists even on freestanding compilers.  */
| 
| #ifdef __STDC__
| # include <limits.h>
| #else
| # include <assert.h>
| #endif
| 
| #undef srand48_deterministic
| 
| /* Override any GCC internal prototype to avoid an error.
|    Use char because int might match the return type of a GCC
|    builtin and then its argument prototype would still apply.  */
| #ifdef __cplusplus
| extern "C"
| #endif
| char srand48_deterministic ();
| /* The GNU C library defines this for functions which it implements
|     to always fail with ENOSYS.  Some functions are actually named
|     something starting with __ and the normal name is an alias.  */
| #if defined __stub_srand48_deterministic || defined __stub___srand48_deterministic
| choke me
| #endif
| 
| int
| main ()
| {
| return srand48_deterministic ();
|   ;
|   return 0;
| }
configure:5012: result: no
configure:5024: checking whether fdatasync is declared
configure:5024: gcc -c  -Wall -g -O2 -fvisibility=hidden  conftest.c >&5
configure:5024: $? = 0
configure:5024: result: yes
configure:5028: checking for fdatasync
configure:5028: gcc -o conftest  -Wall -g -O2 -fvisibility=hidden   -fvisibility=hidden conftest.c  >&5
configure:5028: $? = 0
configure:5028: result: yes
configure:5163: checking for library containing log
configure:5194: gcc -o conftest  -Wall -g -O2 -fvisibility=hidden   -fvisibility=hidden conftest.c  >&5
conftest.c:41:6: warning: conflicting types for built-in function 'log' [enabled by default]
 char log ();
      ^
/tmp/ccTRmjzJ.o: In function `main':
/clusterfs/nilah/oberon/htslib/htslib-1.18/conftest.c:45: undefined reference to `log'
collect2: error: ld returned 1 exit status
configure:5194: $? = 1
configure: failed program was:
| /* confdefs.h */
| #define PACKAGE_NAME "HTSlib"
| #define PACKAGE_TARNAME "htslib"
| #define PACKAGE_VERSION "1.18"
| #define PACKAGE_STRING "HTSlib 1.18"
| #define PACKAGE_BUGREPORT "samtools-help@lists.sourceforge.net"
| #define PACKAGE_URL "http://www.htslib.org/"
| #define STDC_HEADERS 1
| #define HAVE_SYS_TYPES_H 1
| #define HAVE_SYS_STAT_H 1
| #define HAVE_STDLIB_H 1
| #define HAVE_STRING_H 1
| #define HAVE_MEMORY_H 1
| #define HAVE_STRINGS_H 1
| #define HAVE_INTTYPES_H 1
| #define HAVE_STDINT_H 1
| #define HAVE_UNISTD_H 1
| #define _XOPEN_SOURCE 600
| #define HAVE_SSSE3 1
| #define HAVE_POPCNT 1
| #define HAVE_SSE4_1 1
| #define UBSAN 1
| #define HAVE_AVX2 1
| #define HAVE_STDLIB_H 1
| #define HAVE_UNISTD_H 1
| #define HAVE_SYS_PARAM_H 1
| #define HAVE_GETPAGESIZE 1
| #define HAVE_MMAP 1
| #define HAVE_GMTIME_R 1
| #define HAVE_FSYNC 1
| #define HAVE_DRAND48 1
| #define HAVE_FDATASYNC 1
| /* end confdefs.h.  */
| 
| /* Override any GCC internal prototype to avoid an error.
|    Use char because int might match the return type of a GCC
|    builtin and then its argument prototype would still apply.  */
| #ifdef __cplusplus
| extern "C"
| #endif
| char log ();
| int
| main ()
| {
| return log ();
|   ;
|   return 0;
| }
configure:5194: gcc -o conftest  -Wall -g -O2 -fvisibility=hidden   -fvisibility=hidden conftest.c -lm   >&5
conftest.c:41:6: warning: conflicting types for built-in function 'log' [enabled by default]
 char log ();
      ^
configure:5194: $? = 0
configure:5211: result: -lm
configure:5231: checking for zlib.h
configure:5231: gcc -c  -Wall -g -O2 -fvisibility=hidden  conftest.c >&5
configure:5231: $? = 0
configure:5231: result: yes
configure:5240: checking for inflate in -lz
configure:5265: gcc -o conftest  -Wall -g -O2 -fvisibility=hidden   -fvisibility=hidden conftest.c -lz  -lm  >&5
configure:5265: $? = 0
configure:5274: result: yes
configure:5305: checking for library containing recv
configure:5336: gcc -o conftest  -Wall -g -O2 -fvisibility=hidden   -fvisibility=hidden conftest.c -lz -lm  >&5
configure:5336: $? = 0
configure:5353: result: none required
configure:5399: checking for bzlib.h
configure:5399: gcc -c  -Wall -g -O2 -fvisibility=hidden  conftest.c >&5
configure:5399: $? = 0
configure:5399: result: yes
configure:5408: checking for BZ2_bzBuffToBuffCompress in -lbz2
configure:5433: gcc -o conftest  -Wall -g -O2 -fvisibility=hidden   -fvisibility=hidden conftest.c -lbz2  -lz -lm  >&5
configure:5433: $? = 0
configure:5442: result: yes
configure:5486: checking for lzma.h
configure:5486: gcc -c  -Wall -g -O2 -fvisibility=hidden  conftest.c >&5
configure:5486: $? = 0
configure:5486: result: yes
configure:5499: checking for lzma_easy_buffer_encode in -llzma
configure:5524: gcc -o conftest  -Wall -g -O2 -fvisibility=hidden   -fvisibility=hidden conftest.c -llzma  -lbz2 -lz -lm  >&5
configure:5524: $? = 0
configure:5533: result: yes
configure:5646: checking whether htscodecs files are present
configure:5649: result: yes
configure:5687: checking for libdeflate.h
configure:5687: gcc -c  -Wall -g -O2 -fvisibility=hidden  conftest.c >&5
conftest.c:40:24: fatal error: libdeflate.h: No such file or directory
 #include <libdeflate.h>
                        ^
compilation terminated.
configure:5687: $? = 1
configure: failed program was:
| /* confdefs.h */
| #define PACKAGE_NAME "HTSlib"
| #define PACKAGE_TARNAME "htslib"
| #define PACKAGE_VERSION "1.18"
| #define PACKAGE_STRING "HTSlib 1.18"
| #define PACKAGE_BUGREPORT "samtools-help@lists.sourceforge.net"
| #define PACKAGE_URL "http://www.htslib.org/"
| #define STDC_HEADERS 1
| #define HAVE_SYS_TYPES_H 1
| #define HAVE_SYS_STAT_H 1
| #define HAVE_STDLIB_H 1
| #define HAVE_STRING_H 1
| #define HAVE_MEMORY_H 1
| #define HAVE_STRINGS_H 1
| #define HAVE_INTTYPES_H 1
| #define HAVE_STDINT_H 1
| #define HAVE_UNISTD_H 1
| #define _XOPEN_SOURCE 600
| #define HAVE_SSSE3 1
| #define HAVE_POPCNT 1
| #define HAVE_SSE4_1 1
| #define UBSAN 1
| #define HAVE_AVX2 1
| #define HAVE_STDLIB_H 1
| #define HAVE_UNISTD_H 1
| #define HAVE_SYS_PARAM_H 1
| #define HAVE_GETPAGESIZE 1
| #define HAVE_MMAP 1
| #define HAVE_GMTIME_R 1
| #define HAVE_FSYNC 1
| #define HAVE_DRAND48 1
| #define HAVE_FDATASYNC 1
| #define HAVE_LIBZ 1
| #define HAVE_LIBBZ2 1
| #define HAVE_LZMA_H 1
| #define HAVE_LIBLZMA 1
| /* end confdefs.h.  */
| ;
| 
| #include <libdeflate.h>
configure:5687: result: no
configure:5696: checking for libdeflate_deflate_compress in -ldeflate
configure:5721: gcc -o conftest  -Wall -g -O2 -fvisibility=hidden   -fvisibility=hidden conftest.c -ldeflate  -llzma -lbz2 -lz -lm  >&5
/usr/bin/ld: cannot find -ldeflate
collect2: error: ld returned 1 exit status
configure:5721: $? = 1
configure: failed program was:
| /* confdefs.h */
| #define PACKAGE_NAME "HTSlib"
| #define PACKAGE_TARNAME "htslib"
| #define PACKAGE_VERSION "1.18"
| #define PACKAGE_STRING "HTSlib 1.18"
| #define PACKAGE_BUGREPORT "samtools-help@lists.sourceforge.net"
| #define PACKAGE_URL "http://www.htslib.org/"
| #define STDC_HEADERS 1
| #define HAVE_SYS_TYPES_H 1
| #define HAVE_SYS_STAT_H 1
| #define HAVE_STDLIB_H 1
| #define HAVE_STRING_H 1
| #define HAVE_MEMORY_H 1
| #define HAVE_STRINGS_H 1
| #define HAVE_INTTYPES_H 1
| #define HAVE_STDINT_H 1
| #define HAVE_UNISTD_H 1
| #define _XOPEN_SOURCE 600
| #define HAVE_SSSE3 1
| #define HAVE_POPCNT 1
| #define HAVE_SSE4_1 1
| #define UBSAN 1
| #define HAVE_AVX2 1
| #define HAVE_STDLIB_H 1
| #define HAVE_UNISTD_H 1
| #define HAVE_SYS_PARAM_H 1
| #define HAVE_GETPAGESIZE 1
| #define HAVE_MMAP 1
| #define HAVE_GMTIME_R 1
| #define HAVE_FSYNC 1
| #define HAVE_DRAND48 1
| #define HAVE_FDATASYNC 1
| #define HAVE_LIBZ 1
| #define HAVE_LIBBZ2 1
| #define HAVE_LZMA_H 1
| #define HAVE_LIBLZMA 1
| /* end confdefs.h.  */
| 
| /* Override any GCC internal prototype to avoid an error.
|    Use char because int might match the return type of a GCC
|    builtin and then its argument prototype would still apply.  */
| #ifdef __cplusplus
| extern "C"
| #endif
| char libdeflate_deflate_compress ();
| int
| main ()
| {
| return libdeflate_deflate_compress ();
|   ;
|   return 0;
| }
configure:5730: result: no
configure:5769: checking for curl/curl.h
configure:5769: gcc -c  -Wall -g -O2 -fvisibility=hidden  conftest.c >&5
configure:5769: $? = 0
configure:5769: result: yes
configure:5778: checking for curl_easy_pause in -lcurl
configure:5803: gcc -o conftest  -Wall -g -O2 -fvisibility=hidden   -fvisibility=hidden conftest.c -lcurl  -llzma -lbz2 -lz -lm  >&5
configure:5803: $? = 0
configure:5812: result: yes
configure:5947: checking for CCHmac
configure:5947: gcc -o conftest  -Wall -g -O2 -fvisibility=hidden   -fvisibility=hidden conftest.c -llzma -lbz2 -lz -lm  >&5
/tmp/ccxRWLb1.o: In function `main':
/clusterfs/nilah/oberon/htslib/htslib-1.18/conftest.c:74: undefined reference to `CCHmac'
collect2: error: ld returned 1 exit status
configure:5947: $? = 1
configure: failed program was:
| /* confdefs.h */
| #define PACKAGE_NAME "HTSlib"
| #define PACKAGE_TARNAME "htslib"
| #define PACKAGE_VERSION "1.18"
| #define PACKAGE_STRING "HTSlib 1.18"
| #define PACKAGE_BUGREPORT "samtools-help@lists.sourceforge.net"
| #define PACKAGE_URL "http://www.htslib.org/"
| #define STDC_HEADERS 1
| #define HAVE_SYS_TYPES_H 1
| #define HAVE_SYS_STAT_H 1
| #define HAVE_STDLIB_H 1
| #define HAVE_STRING_H 1
| #define HAVE_MEMORY_H 1
| #define HAVE_STRINGS_H 1
| #define HAVE_INTTYPES_H 1
| #define HAVE_STDINT_H 1
| #define HAVE_UNISTD_H 1
| #define _XOPEN_SOURCE 600
| #define HAVE_SSSE3 1
| #define HAVE_POPCNT 1
| #define HAVE_SSE4_1 1
| #define UBSAN 1
| #define HAVE_AVX2 1
| #define HAVE_STDLIB_H 1
| #define HAVE_UNISTD_H 1
| #define HAVE_SYS_PARAM_H 1
| #define HAVE_GETPAGESIZE 1
| #define HAVE_MMAP 1
| #define HAVE_GMTIME_R 1
| #define HAVE_FSYNC 1
| #define HAVE_DRAND48 1
| #define HAVE_FDATASYNC 1
| #define HAVE_LIBZ 1
| #define HAVE_LIBBZ2 1
| #define HAVE_LZMA_H 1
| #define HAVE_LIBLZMA 1
| #define HAVE_LIBCURL 1
| #define ENABLE_GCS 1
| /* end confdefs.h.  */
| /* Define CCHmac to an innocuous variant, in case <limits.h> declares CCHmac.
|    For example, HP-UX 11i <limits.h> declares gettimeofday.  */
| #define CCHmac innocuous_CCHmac
| 
| /* System header to define __stub macros and hopefully few prototypes,
|     which can conflict with char CCHmac (); below.
|     Prefer <limits.h> to <assert.h> if __STDC__ is defined, since
|     <limits.h> exists even on freestanding compilers.  */
| 
| #ifdef __STDC__
| # include <limits.h>
| #else
| # include <assert.h>
| #endif
| 
| #undef CCHmac
| 
| /* Override any GCC internal prototype to avoid an error.
|    Use char because int might match the return type of a GCC
|    builtin and then its argument prototype would still apply.  */
| #ifdef __cplusplus
| extern "C"
| #endif
| char CCHmac ();
| /* The GNU C library defines this for functions which it implements
|     to always fail with ENOSYS.  Some functions are actually named
|     something starting with __ and the normal name is an alias.  */
| #if defined __stub_CCHmac || defined __stub___CCHmac
| choke me
| #endif
| 
| int
| main ()
| {
| return CCHmac ();
|   ;
|   return 0;
| }
configure:5947: result: no
configure:5954: checking for library containing HMAC
configure:5985: gcc -o conftest  -Wall -g -O2 -fvisibility=hidden   -fvisibility=hidden conftest.c -llzma -lbz2 -lz -lm  >&5
/tmp/cc2zAOI8.o: In function `main':
/clusterfs/nilah/oberon/htslib/htslib-1.18/conftest.c:51: undefined reference to `HMAC'
collect2: error: ld returned 1 exit status
configure:5985: $? = 1
configure: failed program was:
| /* confdefs.h */
| #define PACKAGE_NAME "HTSlib"
| #define PACKAGE_TARNAME "htslib"
| #define PACKAGE_VERSION "1.18"
| #define PACKAGE_STRING "HTSlib 1.18"
| #define PACKAGE_BUGREPORT "samtools-help@lists.sourceforge.net"
| #define PACKAGE_URL "http://www.htslib.org/"
| #define STDC_HEADERS 1
| #define HAVE_SYS_TYPES_H 1
| #define HAVE_SYS_STAT_H 1
| #define HAVE_STDLIB_H 1
| #define HAVE_STRING_H 1
| #define HAVE_MEMORY_H 1
| #define HAVE_STRINGS_H 1
| #define HAVE_INTTYPES_H 1
| #define HAVE_STDINT_H 1
| #define HAVE_UNISTD_H 1
| #define _XOPEN_SOURCE 600
| #define HAVE_SSSE3 1
| #define HAVE_POPCNT 1
| #define HAVE_SSE4_1 1
| #define UBSAN 1
| #define HAVE_AVX2 1
| #define HAVE_STDLIB_H 1
| #define HAVE_UNISTD_H 1
| #define HAVE_SYS_PARAM_H 1
| #define HAVE_GETPAGESIZE 1
| #define HAVE_MMAP 1
| #define HAVE_GMTIME_R 1
| #define HAVE_FSYNC 1
| #define HAVE_DRAND48 1
| #define HAVE_FDATASYNC 1
| #define HAVE_LIBZ 1
| #define HAVE_LIBBZ2 1
| #define HAVE_LZMA_H 1
| #define HAVE_LIBLZMA 1
| #define HAVE_LIBCURL 1
| #define ENABLE_GCS 1
| /* end confdefs.h.  */
| 
| /* Override any GCC internal prototype to avoid an error.
|    Use char because int might match the return type of a GCC
|    builtin and then its argument prototype would still apply.  */
| #ifdef __cplusplus
| extern "C"
| #endif
| char HMAC ();
| int
| main ()
| {
| return HMAC ();
|   ;
|   return 0;
| }
configure:5985: gcc -o conftest  -Wall -g -O2 -fvisibility=hidden   -fvisibility=hidden conftest.c -lcrypto  -llzma -lbz2 -lz -lm  >&5
configure:5985: $? = 0
configure:6002: result: -lcrypto
configure:6044: checking for library containing regcomp
configure:6075: gcc -o conftest  -Wall -g -O2 -fvisibility=hidden   -fvisibility=hidden conftest.c -llzma -lbz2 -lz -lm  >&5
configure:6075: $? = 0
configure:6092: result: none required
configure:6257: creating ./config.status

## ---------------------- ##
## Running config.status. ##
## ---------------------- ##

This file was extended by HTSlib config.status 1.18, which was
generated by GNU Autoconf 2.69.  Invocation command line was

  CONFIG_FILES    = 
  CONFIG_HEADERS  = 
  CONFIG_LINKS    = 
  CONFIG_COMMANDS = 
  $ ./config.status 

on ln002.brc

config.status:861: creating config.mk
config.status:861: creating htslib.pc.tmp
config.status:861: creating config.h
config.status:1057: linking htscodecs_bundled.mk to htscodecs.mk

## ---------------- ##
## Cache variables. ##
## ---------------- ##

ac_cv_c_compiler_gnu=yes
ac_cv_env_CC_set=
ac_cv_env_CC_value=
ac_cv_env_CFLAGS_set=
ac_cv_env_CFLAGS_value=
ac_cv_env_CPPFLAGS_set=
ac_cv_env_CPPFLAGS_value=
ac_cv_env_CPP_set=
ac_cv_env_CPP_value=
ac_cv_env_LDFLAGS_set=
ac_cv_env_LDFLAGS_value=
ac_cv_env_LIBS_set=
ac_cv_env_LIBS_value=
ac_cv_env_PKG_CONFIG_LIBDIR_set=
ac_cv_env_PKG_CONFIG_LIBDIR_value=
ac_cv_env_PKG_CONFIG_PATH_set=
ac_cv_env_PKG_CONFIG_PATH_value=
ac_cv_env_PKG_CONFIG_set=
ac_cv_env_PKG_CONFIG_value=
ac_cv_env_build_alias_set=
ac_cv_env_build_alias_value=
ac_cv_env_host_alias_set=
ac_cv_env_host_alias_value=
ac_cv_env_target_alias_set=
ac_cv_env_target_alias_value=
ac_cv_func_CCHmac=no
ac_cv_func_drand48=yes
ac_cv_func_fdatasync=yes
ac_cv_func_fsync=yes
ac_cv_func_getpagesize=yes
ac_cv_func_gmtime_r=yes
ac_cv_func_mmap_fixed_mapped=yes
ac_cv_func_srand48_deterministic=no
ac_cv_have_decl__XOPEN_SOURCE=no
ac_cv_have_decl_fdatasync_int_=yes
ac_cv_header_bzlib_h=yes
ac_cv_header_curl_curl_h=yes
ac_cv_header_inttypes_h=yes
ac_cv_header_libdeflate_h=no
ac_cv_header_lzma_h=yes
ac_cv_header_memory_h=yes
ac_cv_header_stdc=yes
ac_cv_header_stdint_h=yes
ac_cv_header_stdlib_h=yes
ac_cv_header_string_h=yes
ac_cv_header_strings_h=yes
ac_cv_header_sys_param_h=yes
ac_cv_header_sys_stat_h=yes
ac_cv_header_sys_types_h=yes
ac_cv_header_unistd_h=yes
ac_cv_header_zlib_h=yes
ac_cv_lib_bz2_BZ2_bzBuffToBuffCompress=yes
ac_cv_lib_curl_curl_easy_pause=yes
ac_cv_lib_deflate_libdeflate_deflate_compress=no
ac_cv_lib_lzma_lzma_easy_buffer_encode=yes
ac_cv_lib_z_inflate=yes
ac_cv_objext=o
ac_cv_path_EGREP='/usr/bin/grep -E'
ac_cv_path_GREP=/usr/bin/grep
ac_cv_path_ac_pt_PKG_CONFIG=/usr/bin/pkg-config
ac_cv_prog_CPP='gcc -E'
ac_cv_prog_ac_ct_CC=gcc
ac_cv_prog_ac_ct_RANLIB=ranlib
ac_cv_prog_cc_c89=
ac_cv_prog_cc_g=yes
ac_cv_search_HMAC=-lcrypto
ac_cv_search_log=-lm
ac_cv_search_recv='none required'
ac_cv_search_regcomp='none required'
ac_cv_sys_file_offset_bits=no
ac_cv_sys_largefile_CC=no
hts_cv_check__fvisibility_hidden=yes
hts_cv_check_cflags_needed_avx2___mavx2=-mavx2
hts_cv_check_cflags_needed_avx512f___mavx512f=unsupported
hts_cv_check_cflags_needed_popcnt___mpopcnt=-mpopcnt
hts_cv_check_cflags_needed_sse4_1___msse4_1=-msse4.1
hts_cv_check_cflags_needed_ssse3___mssse3=-mssse3
hts_cv_have_versioned_symbols=yes
hts_cv_prog_cc_warnings=-Wall

## ----------------- ##
## Output variables. ##
## ----------------- ##

CC='gcc'
CFLAGS=' -Wall -g -O2 -fvisibility=hidden'
CPP='gcc -E'
CPPFLAGS=''
CRYPTO_LIBS='-lcrypto'
DEFS='-DHAVE_CONFIG_H'
ECHO_C=''
ECHO_N='-n'
ECHO_T=''
EGREP='/usr/bin/grep -E'
EXEEXT=''
GREP='/usr/bin/grep'
HTSDIRslash_if_relsrcdir='$(HTSDIR)/'
LDFLAGS=' -fvisibility=hidden'
LIBOBJS=''
LIBS='-llzma -lbz2 -lz -lm '
LTLIBOBJS=''
OBJEXT='o'
PACKAGE_BUGREPORT='samtools-help@lists.sourceforge.net'
PACKAGE_NAME='HTSlib'
PACKAGE_STRING='HTSlib 1.18'
PACKAGE_TARNAME='htslib'
PACKAGE_URL='http://www.htslib.org/'
PACKAGE_VERSION='1.18'
PATH_SEPARATOR=':'
PKG_CONFIG='/usr/bin/pkg-config'
PKG_CONFIG_LIBDIR=''
PKG_CONFIG_PATH=''
PLATFORM='default'
PLUGIN_EXT='.so'
RANLIB='ranlib'
SHELL='/bin/sh'
VERSION_SCRIPT_LDFLAGS='-Wl,-version-script,$(srcprefix)htslib.map'
ac_ct_CC='gcc'
bindir='${exec_prefix}/bin'
build_alias=''
datadir='${datarootdir}'
datarootdir='${prefix}/share'
docdir='${datarootdir}/doc/${PACKAGE_TARNAME}'
dvidir='${docdir}'
enable_plugins='no'
exec_prefix='${prefix}'
gcs='enabled'
host_alias=''
htmldir='${docdir}'
hts_cflags_avx2='-mavx2'
hts_cflags_avx512=''
hts_cflags_sse4='-msse4.1 -mpopcnt -mssse3 '
includedir='${prefix}/include'
infodir='${datarootdir}/info'
libcurl='enabled'
libdir='${exec_prefix}/lib'
libexecdir='${exec_prefix}/libexec'
localedir='${datarootdir}/locale'
localstatedir='${prefix}/var'
mandir='${datarootdir}/man'
oldincludedir='/usr/include'
pc_requires=' liblzma'
pdfdir='${docdir}'
plugindir='$(libexecdir)/htslib'
pluginpath='$(libexecdir)/htslib'
prefix='/clusterfs/nilah/oberon/htslib'
private_LIBS=' -lbz2'
program_transform_name='s,x,x,'
psdir='${docdir}'
runstatedir='${localstatedir}/run'
s3='enabled'
sbindir='${exec_prefix}/sbin'
sharedstatedir='${prefix}/com'
static_LDFLAGS=''
static_LIBS='-lpthread -lz -lm -lbz2 -llzma -lcurl -lcrypto'
sysconfdir='${prefix}/etc'
target_alias=''
with_external_htscodecs='no'

## ----------- ##
## confdefs.h. ##
## ----------- ##

/* confdefs.h */
#define PACKAGE_NAME "HTSlib"
#define PACKAGE_TARNAME "htslib"
#define PACKAGE_VERSION "1.18"
#define PACKAGE_STRING "HTSlib 1.18"
#define PACKAGE_BUGREPORT "samtools-help@lists.sourceforge.net"
#define PACKAGE_URL "http://www.htslib.org/"
#define STDC_HEADERS 1
#define HAVE_SYS_TYPES_H 1
#define HAVE_SYS_STAT_H 1
#define HAVE_STDLIB_H 1
#define HAVE_STRING_H 1
#define HAVE_MEMORY_H 1
#define HAVE_STRINGS_H 1
#define HAVE_INTTYPES_H 1
#define HAVE_STDINT_H 1
#define HAVE_UNISTD_H 1
#define _XOPEN_SOURCE 600
#define HAVE_SSSE3 1
#define HAVE_POPCNT 1
#define HAVE_SSE4_1 1
#define UBSAN 1
#define HAVE_AVX2 1
#define HAVE_STDLIB_H 1
#define HAVE_UNISTD_H 1
#define HAVE_SYS_PARAM_H 1
#define HAVE_GETPAGESIZE 1
#define HAVE_MMAP 1
#define HAVE_GMTIME_R 1
#define HAVE_FSYNC 1
#define HAVE_DRAND48 1
#define HAVE_FDATASYNC 1
#define HAVE_LIBZ 1
#define HAVE_LIBBZ2 1
#define HAVE_LZMA_H 1
#define HAVE_LIBLZMA 1
#define HAVE_LIBCURL 1
#define ENABLE_GCS 1
#define HAVE_HMAC 1
#define ENABLE_S3 1

configure: exit 0
